59
0
11
10
14
34
1
12
12
16
26
17
13
14
1
15
5
16
16
18
16
10
14
20
14
12
14
12
19
23
17
10
17
13
2
7
27
11
2
13
18
11
1
20
14
5
16
19
17
18
4
18
14
25
17
12
15
13
24
2
23
12
13
1
17
13
13
2
13
5
14
13
19
11
17
13
23
14
26
2
2
20
13
5
4
10
10
7
2
15
9
15
8
14
15
6
19
19
1
16
16
19
15
12
13
14
16
14
18
9
15
12
15
10
17
15
17
4
2
1
7
14
12
2
17
1
19
18
14
17
2
12
15
13
2
4
11
12
12
16
11
9
2
2
10
10
2
11
5
1
3
10
10
10
1
4
15
5
17
19
14
15
10
13
9
27
1
17
7
6
13
13
7
27
21
16
10
4
7
11
6
26
25
21
4
10
2
17
2
1
9
8
4
2
13
15
12
1
20
12
5
11
8
13
15
1
