1
1
1
1
1
1
1
1
1
1
1
1
1
1
1
1
1
1
1
1
1
1
2
1
1
1
1
1
1
1
1
1
1
1
1
1
1
1
1
1
1
2
1
1
1
1
1
1
1
2
1
1
1
1
1
1
1
1
1
1
1
1
1
1
1
1
1
1
1
1
1
1
1
1
1
1
1
1
1
1
1
2
1
1
1
1
1
1
1
1
1
1
1
1
1
1
1
1
1
1
1
1
1
1
1
1
1
1
1
1
2
1
3
0
1
1
1
3
1
1
1
1
2
2
1
2
1
1
2
1
1
1
1
1
1
2
3
2
1
2
1
1
1
5
1
1
1
1
1
2
3
1
1
3
2
1
1
1
2
1
2
1
1
2
1
3
1
1
1
2
1
5
1
2
1
1
1
2
3
1
1
1
1
1
1
2
2
1
1
1
1
1
1
1
4
1
1
1
1
2
1
1
1
3
6
1
1
1
2
1
1
3
1
1
2
1
3
1
1
1
1
1
11
1
2
1
3
1
1
5
1
2
3
1
3
2
1
1
3
2
2
1
4
3
12
2
1
2
1
1
3
1
1
3
2
1
1
3
1
2
5
3
2
1
1
1
2
1
1
2
2
3
12
1
1
6
2
4
2
1
4
6
2
3
1
3
1
1
1
1
1
1
2
4
1
1
9
1
2
1
1
1
1
2
1
19
1
1
2
7
6
2
3
2
1
2
1
2
4
2
1
1
6
2
4
1
6
15
1
1
2
5
7
1
1
1
2
20
1
12
2
1
1
1
1
1
1
1
3
1
1
6
1
5
1
2
3
6
1
37
5
1
1
1
1
1
63
6
7
23
1
1
86
1
1
1
6
86
3
5
9
12
3
1
125
6
125
7
1
11
8
1
9
6
1
11
3
2
3
1
7
2
150
1
3
158
158
12
20
158
158
1
7
1
158
20
3
158
1
1
1
1
2
1
1
1
4
1
12
187
1
187
2
2
194
13
3
1
5
2
207
1
6
1
3
2
1
12
7
240
2
2
2
251
251
251
2
1
255
7
11
8
2
288
3
297
1
1
12
308
5
2
315
315
315
315
315
1
4
1
336
2
17
338
17
1
3
360
360
360
360
360
360
8
1
362
362
362
362
4
365
3
365
1
2
2
1
371
3
382
382
1
3
382
384
2
384
3
3
1
3
384
1
387
388
388
7
1
7
388
1
5
4
3
1
1
397
397
398
399
1
407
408
2
6
3
2
5
2
414
416
417
1
3
1
417
417
1
418
418
2
1
422
6
423
431
3
435
1
445
1
9
1
3
445
446
446
1
1
1
2
464
464
464
464
1
5
468
1
469
469
5
4
2
469
4
469
469
470
470
471
473
1
473
473
475
475
6
2
475
9
1
482
482
2
1
2
1
3
4
499
499
500
2
500
500
1
500
4
505
508
1
508
508
1
517
4
521
4
522
1
1
2
2
528
531
1
533
535
536
4
3
540
541
1
541
541
541
541
1
541
541
3
541
5
543
550
559
563
1
566
566
566
1
571
571
6
574
1
574
578
1
581
581
581
1
1
583
583
583
583
5
583
583
1
586
588
589
589
589
1
589
592
