59
0
11
10
11
22
21
12
12
16
26
15
13
14
17
15
13
16
16
18
16
17
14
20
14
12
14
20
19
18
17
18
17
13
22
7
27
11
9
13
24
11
13
19
14
15
16
19
17
18
21
18
14
25
17
17
15
13
24
7
21
29
13
19
17
13
13
14
17
17
14
13
18
11
17
13
23
14
24
9
23
20
13
26
17
14
10
15
16
15
9
15
19
17
15
14
19
19
17
16
17
19
14
14
12
14
16
17
18
15
15
12
20
10
19
15
17
15
18
27
18
13
12
14
23
16
19
18
14
17
26
12
15
18
14
20
13
12
10
16
32
14
13
29
22
12
13
14
13
14
14
10
19
10
14
13
15
17
13
31
14
15
14
11
22
27
19
17
17
16
19
13
19
27
27
16
18
19
13
14
19
24
31
20
14
19
13
16
23
22
22
19
15
14
19
14
12
19
18
26
17
21
8
13
15
13
